mode: set
github.com/codingexplorations/data-lake/pkg/aws/s3.go:22.26,24.16 2 1
github.com/codingexplorations/data-lake/pkg/aws/s3.go:24.16,26.3 1 0
github.com/codingexplorations/data-lake/pkg/aws/s3.go:28.2,34.22 3 1
github.com/codingexplorations/data-lake/pkg/aws/s3.go:38.90,42.19 2 0
github.com/codingexplorations/data-lake/pkg/aws/s3.go:42.19,44.3 1 0
github.com/codingexplorations/data-lake/pkg/aws/s3.go:46.2,49.16 3 0
github.com/codingexplorations/data-lake/pkg/aws/s3.go:49.16,51.3 1 0
github.com/codingexplorations/data-lake/pkg/aws/s3.go:51.8,53.3 1 0
github.com/codingexplorations/data-lake/pkg/aws/s3.go:55.2,55.22 1 0
github.com/codingexplorations/data-lake/pkg/aws/s3.go:58.80,69.16 5 1
github.com/codingexplorations/data-lake/pkg/aws/s3.go:69.16,71.3 1 1
github.com/codingexplorations/data-lake/pkg/aws/s3.go:73.2,73.20 1 1
